2024-11-06T08:57:30.655Z [ERROR] Error fetching Edge Gateways: [ 40cfa6ba-a7bb-4639-8d82-88f00a025800 ] This operation is denied.
2024-11-06T08:58:45.020Z [ERROR] Error fetching Edge Gateways: Request failed with status code 401
2024-11-06T09:00:33.700Z [INFO] Initial request for Edge Gateways started
2024-11-06T09:00:33.987Z [ERROR] Error fetching Edge Gateways: [ 07abbb29-1ed5-4c7c-b426-6ac9c74d9fca ] This operation is denied.
2024-11-06T09:01:58.067Z [INFO] Initial request for Edge Gateways started
2024-11-06T09:01:58.330Z [ERROR] Error fetching Edge Gateways: [ e67c225d-45af-4763-893b-7c5868eb38dd ] This operation is denied.
2024-11-06T09:04:55.150Z [INFO] Initial request for Edge Gateways started
2024-11-06T09:04:55.437Z [INFO] Initial request for Edge Gateways done!
2024-11-06T09:04:55.438Z [INFO] Making 123 edgeGateways requests
2024-11-06T09:04:56.006Z [ERROR] Error fetching Edge Gateways: [ 96eceb3f-5d07-4d7e-9095-75226aaba688 ] This operation is denied.
2024-11-06T11:25:02.404Z [INFO] Fetching firewall rules for 123 gateways
2024-11-06T11:25:02.890Z [ERROR] Error fetching firewall rules for gateways: Request failed with status code 405
2024-11-06T11:25:02.891Z [ERROR] Error in fetching firewall rules: Failed to fetch firewall rules for gateways.
2024-11-06T11:26:09.790Z [INFO] Fetching firewall rules for 123 gateways
2024-11-06T11:26:10.272Z [ERROR] Error fetching firewall rules for gateways: Request failed with status code 400
2024-11-06T11:26:10.273Z [ERROR] Error in fetching firewall rules: Failed to fetch firewall rules for gateways.
2024-11-06T11:27:11.842Z [INFO] Fetching firewall rules for 123 gateways
2024-11-06T11:27:11.844Z [ERROR] Error fetching firewall rules for gateways: gatewayIds is not defined
2024-11-06T11:27:11.845Z [ERROR] Error in fetching firewall rules: Failed to fetch firewall rules for gateways.
2024-11-06T11:27:21.728Z [INFO] Fetching firewall rules for 123 gateways
2024-11-06T11:27:22.273Z [ERROR] Error fetching firewall rules for gateways: Request failed with status code 400
2024-11-06T11:27:22.274Z [ERROR] Error in fetching firewall rules: Failed to fetch firewall rules for gateways.
2024-11-06T11:27:40.268Z [INFO] Fetching firewall rules for 123 gateways
2024-11-06T11:27:40.881Z [ERROR] Error fetching firewall rules for gateways: Request failed with status code 400
2024-11-06T11:27:40.881Z [ERROR] Error in fetching firewall rules: Failed to fetch firewall rules for gateways.
2024-11-06T11:28:22.449Z [INFO] Fetching firewall rules for 123 gateways
2024-11-06T11:28:23.101Z [ERROR] Error fetching firewall rules for gateways: Request failed with status code 400
2024-11-06T11:28:23.102Z [ERROR] Error in fetching firewall rules: Failed to fetch firewall rules for gateways.
2024-11-06T11:30:11.027Z [INFO] Fetching firewall rules for 123 gateways
2024-11-06T11:30:11.516Z [ERROR] Error fetching firewall rules for gateways: Request failed with status code 400
2024-11-06T11:30:11.517Z [ERROR] Error in fetching firewall rules: Failed to fetch firewall rules for gateways.
2024-11-06T11:34:45.864Z [INFO] Fetching firewall rules for 123 gateways
2024-11-06T11:34:46.539Z [ERROR] Error fetching firewall rules for gateways: Request failed with status code 401
2024-11-06T11:34:46.540Z [ERROR] Error in fetching firewall rules: Failed to fetch firewall rules for gateways.
2024-11-06T11:35:15.480Z [INFO] Fetching firewall rules for 123 gateways
2024-11-06T11:35:16.169Z [ERROR] Error fetching firewall rules for gateways: Request failed with status code 401
2024-11-06T11:35:16.170Z [ERROR] Error in fetching firewall rules: Failed to fetch firewall rules for gateways.
2024-11-06T11:38:51.538Z [INFO] Fetching firewall rules for 123 gateways
2024-11-06T11:38:52.038Z [ERROR] Error fetching firewall rules for gateways: Request failed with status code 401
2024-11-06T11:38:52.038Z [ERROR] Error in fetching firewall rules: Failed to fetch firewall rules for gateways.
2024-11-06T11:41:18.472Z [INFO] Fetching firewall rules for 123 gateways
2024-11-06T11:41:19.157Z [ERROR] Error fetching firewall rules for gateways: Request failed with status code 401
2024-11-06T11:41:19.158Z [ERROR] Error in fetching firewall rules: Failed to fetch firewall rules for gateways.
2024-11-06T11:41:31.011Z [INFO] Fetching firewall rules for 123 gateways
2024-11-06T11:41:31.619Z [ERROR] Error fetching firewall rules for gateways: Request failed with status code 401
2024-11-06T11:41:31.619Z [ERROR] Error in fetching firewall rules: Failed to fetch firewall rules for gateways.
2024-11-06T11:43:01.542Z [INFO] Fetching firewall rules for 123 gateways
2024-11-06T11:43:02.387Z [ERROR] Error fetching firewall rules for gateways: Request failed with status code 401
2024-11-06T11:43:02.388Z [ERROR] Error in fetching firewall rules: Failed to fetch firewall rules for gateways.
2024-11-06T11:53:16.649Z [INFO] Fetching firewall rules for 123 gateways
2024-11-06T11:53:17.005Z [ERROR] Error fetching firewall rules for gateways: [object Object]
2024-11-06T11:53:17.005Z [ERROR] Error in fetching firewall rules: Failed to fetch firewall rules for gateways.
2024-11-06T11:54:49.393Z [INFO] Fetching firewall rules for 123 gateways
2024-11-06T11:54:50.047Z [ERROR] Error fetching firewall rules for gateways: 400 - Bad Request [ 5bc131dc-87fa-4d8e-9f1f-a1e82b00e4fa ] validation error on supplied value '7002dab8-536b-4f10-8211-caca3c44debc': Invalid urn string. Value does not match the appropriate urn pattern "urn:vcloud:<type>:<uuid>" or contains an incorrect object type for the endpoint."
2024-11-06T11:54:50.048Z [ERROR] Error in fetching firewall rules: Failed to fetch firewall rules for gateways.
2024-11-06T11:55:32.434Z [INFO] Fetching firewall rules for 123 gateways
2024-11-06T11:55:32.976Z [ERROR] Error fetching firewall rules for gateways: 401 - Unauthorized [ 6c9e832b-bf36-4331-b4d8-ac17705a88b5 ] This operation is denied.
2024-11-06T11:55:32.977Z [ERROR] Error in fetching firewall rules: Failed to fetch firewall rules for gateways.
2024-11-06T11:57:55.558Z [INFO] Fetching firewall rules for 123 gateways
2024-11-06T11:57:56.202Z [ERROR] Error fetching firewall rules for gateways: 401 - Unauthorized [ 729b674e-9ca5-4af0-963e-6ea30e07a4a7 ] This operation is denied.
2024-11-06T11:57:56.202Z [ERROR] Error in fetching firewall rules: Failed to fetch firewall rules for gateways.
2024-11-06T12:00:06.025Z [INFO] Fetching firewall rules for 123 gateways
2024-11-06T12:00:06.605Z [ERROR] Error fetching firewall rules for gateways: 401 - Unauthorized [ aae43d52-b5f0-43cc-8efb-0de46bdafb2e ] This operation is denied.
2024-11-06T12:00:06.605Z [ERROR] Error in fetching firewall rules: Failed to fetch firewall rules for gateways.
2024-11-06T12:05:15.796Z [INFO] Fetching firewall rules for 123 gateways
2024-11-06T12:05:15.922Z [ERROR] Error fetching firewall rules for gateways: gatewayRequestss is not defined
2024-11-06T12:05:15.930Z [ERROR] Error in fetching firewall rules: Failed to fetch firewall rules for gateways.
2024-11-06T12:06:35.312Z [INFO] Fetching firewall rules for 123 gateways
2024-11-06T12:06:35.444Z [ERROR] Error fetching firewall rules for gateways: gatewayRequestss is not defined
2024-11-06T12:06:35.450Z [ERROR] Error in fetching firewall rules: Failed to fetch firewall rules for gateways.
2024-11-06T12:08:00.176Z [INFO] Fetching firewall rules for 123 gateways
2024-11-06T12:08:00.305Z [ERROR] Error fetching firewall rules for gateways: gatewayRequestss is not defined
2024-11-06T12:08:00.312Z [ERROR] Error in fetching firewall rules: Failed to fetch firewall rules for gateways.
2024-11-06T12:12:47.661Z [INFO] Fetching firewall rules for 123 gateways
2024-11-06T12:12:47.664Z [ERROR] Error fetching firewall rules for gateways: http is not defined
2024-11-06T12:12:47.667Z [ERROR] Error in fetching firewall rules: Failed to fetch firewall rules for gateways.
2024-11-06T12:18:41.201Z [INFO] Fetching firewall rules for 123 gateways
2024-11-06T12:18:41.811Z [ERROR] Error fetching firewall rules for gateways: 401 - Unauthorized [ e4f6e130-e8a8-4a3d-bf38-afb749d902f5 ] This operation is denied.
2024-11-06T12:18:41.812Z [ERROR] Error in fetching firewall rules: Failed to fetch firewall rules for gateways.
2024-11-06T12:19:18.683Z [INFO] Fetching firewall rules for 123 gateways
2024-11-06T12:19:19.311Z [ERROR] Error fetching firewall rules for gateways: 401 - Unauthorized [ 12876b6b-aa78-4eb6-a5f9-8e27ed8edb36 ] This operation is denied.
2024-11-06T12:19:19.312Z [ERROR] Error in fetching firewall rules: Failed to fetch firewall rules for gateways.
2024-11-06T12:20:16.142Z [INFO] Fetching firewall rules for 123 gateways
2024-11-06T12:20:16.652Z [ERROR] Error fetching firewall rules for gateways: 401 - Unauthorized [ 89f7cbaf-1554-49ce-8e0d-80cbc3dfa9cd ] This operation is denied.
2024-11-06T12:20:16.653Z [ERROR] Error in fetching firewall rules: Failed to fetch firewall rules for gateways.
2024-11-06T12:24:36.903Z [INFO] Fetching firewall rules for 123 gateways
2024-11-06T12:24:37.310Z [ERROR] Error fetching firewall rules for gateways: 401 - Unauthorized [ f8270776-d9dd-4d08-9a5c-61c305d37765 ] This operation is denied.
2024-11-06T12:24:37.311Z [ERROR] Error in fetching firewall rules: Failed to fetch firewall rules for gateways.
2024-11-06T12:31:35.745Z [INFO] Fetching firewall rules for 123 gateways
2024-11-06T12:31:35.747Z [INFO] Fetching firewall rules for gateway: bas-a-dpdhl-02-gw-01
2024-11-06T12:31:36.034Z [ERROR] Error fetching firewall rules for gateway bas-a-dpdhl-02-gw-01: Request failed with status code 401
2024-11-06T12:31:36.035Z [INFO] Fetching firewall rules for gateway: bas-a-dpdhl-02-gw-02
2024-11-06T12:31:36.281Z [ERROR] Error fetching firewall rules for gateway bas-a-dpdhl-02-gw-02: Request failed with status code 401
2024-11-06T12:31:36.283Z [INFO] Fetching firewall rules for gateway: bas-a-dpdhl-02-gw-03
2024-11-06T12:31:36.480Z [ERROR] Error fetching firewall rules for gateway bas-a-dpdhl-02-gw-03: Request failed with status code 401
2024-11-06T12:31:36.481Z [INFO] Fetching firewall rules for gateway: bas-a-t00_1000033029-01-gw01
2024-11-06T12:31:36.712Z [ERROR] Error fetching firewall rules for gateway bas-a-t00_1000033029-01-gw01: Request failed with status code 401
2024-11-06T12:31:36.713Z [INFO] Fetching firewall rules for gateway: bas-a-testcustomer-01-gw-01
2024-11-06T12:31:36.900Z [ERROR] Error fetching firewall rules for gateway bas-a-testcustomer-01-gw-01: Request failed with status code 401
2024-11-06T12:31:36.900Z [INFO] Fetching firewall rules for gateway: bas-b-dpdhl-dr-03-gw-01
2024-11-06T12:31:37.117Z [ERROR] Error fetching firewall rules for gateway bas-b-dpdhl-dr-03-gw-01: Request failed with status code 401
2024-11-06T12:31:37.118Z [INFO] Fetching firewall rules for gateway: bas-b-testorg-01-gw-01
2024-11-06T12:31:37.336Z [ERROR] Error fetching firewall rules for gateway bas-b-testorg-01-gw-01: Request failed with status code 401
2024-11-06T12:31:37.337Z [INFO] Fetching firewall rules for gateway: com-a-bri_1000041101-01-gw01
2024-11-06T12:31:37.540Z [ERROR] Error fetching firewall rules for gateway com-a-bri_1000041101-01-gw01: Request failed with status code 401
2024-11-06T12:31:37.541Z [INFO] Fetching firewall rules for gateway: com-a-dpdhl-02-gw01
2024-11-06T12:31:37.766Z [ERROR] Error fetching firewall rules for gateway com-a-dpdhl-02-gw01: Request failed with status code 401
2024-11-06T12:31:37.767Z [INFO] Fetching firewall rules for gateway: com-a-dpdhl-poc-01-gw02
2024-11-06T12:31:37.986Z [ERROR] Error fetching firewall rules for gateway com-a-dpdhl-poc-01-gw02: Request failed with status code 401
2024-11-06T12:31:37.987Z [INFO] Fetching firewall rules for gateway: com-a-dps-os-01-gw-01
2024-11-06T12:31:38.204Z [ERROR] Error fetching firewall rules for gateway com-a-dps-os-01-gw-01: Request failed with status code 401
2024-11-06T12:31:38.205Z [INFO] Fetching firewall rules for gateway: com-a-dt-dorma-01-gw-01
2024-11-06T12:31:38.426Z [ERROR] Error fetching firewall rules for gateway com-a-dt-dorma-01-gw-01: Request failed with status code 401
2024-11-06T12:31:38.426Z [INFO] Fetching firewall rules for gateway: com-a-dt-dorma-01-gw-02
2024-11-06T12:31:38.622Z [ERROR] Error fetching firewall rules for gateway com-a-dt-dorma-01-gw-02: Request failed with status code 401
2024-11-06T12:31:38.623Z [INFO] Fetching firewall rules for gateway: com-a-heineken-hh3-mig-01-gw-01
2024-11-06T12:32:35.153Z [INFO] Fetching firewall rules for 123 gateways
2024-11-06T12:32:35.154Z [INFO] Fetching firewall rules for gateway: bas-a-dpdhl-02-gw-01
2024-11-06T12:32:35.545Z [ERROR] Error fetching firewall rules for gateway bas-a-dpdhl-02-gw-01: Request failed with status code 403
2024-11-06T12:32:35.545Z [INFO] Fetching firewall rules for gateway: bas-a-dpdhl-02-gw-02
2024-11-06T12:32:35.748Z [ERROR] Error fetching firewall rules for gateway bas-a-dpdhl-02-gw-02: Request failed with status code 403
2024-11-06T12:32:35.748Z [INFO] Fetching firewall rules for gateway: bas-a-dpdhl-02-gw-03
2024-11-06T12:32:35.957Z [ERROR] Error fetching firewall rules for gateway bas-a-dpdhl-02-gw-03: Request failed with status code 403
2024-11-06T12:32:35.958Z [INFO] Fetching firewall rules for gateway: bas-a-t00_1000033029-01-gw01
2024-11-06T12:32:36.438Z [INFO] Fetching firewall rules for gateway: bas-a-testcustomer-01-gw-01
2024-11-06T12:32:36.910Z [INFO] Fetching firewall rules for gateway: bas-b-dpdhl-dr-03-gw-01
2024-11-06T12:32:37.123Z [ERROR] Error fetching firewall rules for gateway bas-b-dpdhl-dr-03-gw-01: Request failed with status code 403
2024-11-06T12:32:37.124Z [INFO] Fetching firewall rules for gateway: bas-b-testorg-01-gw-01
2024-11-06T12:32:37.587Z [INFO] Fetching firewall rules for gateway: com-a-bri_1000041101-01-gw01
2024-11-06T12:32:38.041Z [INFO] Fetching firewall rules for gateway: com-a-dpdhl-02-gw01
2024-11-06T12:32:38.264Z [ERROR] Error fetching firewall rules for gateway com-a-dpdhl-02-gw01: Request failed with status code 403
2024-11-06T12:32:38.264Z [INFO] Fetching firewall rules for gateway: com-a-dpdhl-poc-01-gw02
2024-11-06T12:32:38.457Z [ERROR] Error fetching firewall rules for gateway com-a-dpdhl-poc-01-gw02: Request failed with status code 403
2024-11-06T12:32:38.458Z [INFO] Fetching firewall rules for gateway: com-a-dps-os-01-gw-01
2024-11-06T12:32:39.019Z [INFO] Fetching firewall rules for gateway: com-a-dt-dorma-01-gw-01
2024-11-06T12:39:58.774Z [INFO] Fetching firewall rules for 123 gateways
2024-11-06T12:39:58.777Z [INFO] Fetching firewall rules for gateway: bas-a-dpdhl-02-gw-01
2024-11-06T12:39:59.061Z [ERROR] Error fetching firewall rules for gateway bas-a-dpdhl-02-gw-01: Request failed with status code 403
2024-11-06T12:39:59.062Z [INFO] Fetching firewall rules for gateway: bas-a-dpdhl-02-gw-02
2024-11-06T12:39:59.283Z [ERROR] Error fetching firewall rules for gateway bas-a-dpdhl-02-gw-02: Request failed with status code 403
2024-11-06T12:39:59.283Z [INFO] Fetching firewall rules for gateway: bas-a-dpdhl-02-gw-03
2024-11-06T12:39:59.545Z [ERROR] Error fetching firewall rules for gateway bas-a-dpdhl-02-gw-03: Request failed with status code 403
2024-11-06T12:39:59.546Z [INFO] Fetching firewall rules for gateway: bas-a-t00_1000033029-01-gw01
2024-11-06T12:40:23.081Z [INFO] Fetching firewall rules for 123 gateways
2024-11-06T12:40:23.083Z [INFO] Fetching firewall rules for gateway: bas-a-dpdhl-02-gw-01
2024-11-06T12:40:23.908Z [INFO] Fetching firewall rules for gateway: bas-a-dpdhl-02-gw-02
2024-11-06T12:40:24.714Z [INFO] Fetching firewall rules for gateway: bas-a-dpdhl-02-gw-03
2024-11-06T12:40:25.533Z [INFO] Fetching firewall rules for gateway: bas-a-t00_1000033029-01-gw01
2024-11-06T12:40:26.355Z [INFO] Fetching firewall rules for gateway: bas-a-testcustomer-01-gw-01
2024-11-06T12:40:27.120Z [INFO] Fetching firewall rules for gateway: bas-b-dpdhl-dr-03-gw-01
2024-11-06T12:40:27.868Z [INFO] Fetching firewall rules for gateway: bas-b-testorg-01-gw-01
2024-11-06T12:40:28.589Z [INFO] Fetching firewall rules for gateway: com-a-bri_1000041101-01-gw01
2024-11-06T12:40:29.358Z [INFO] Fetching firewall rules for gateway: com-a-dpdhl-02-gw01
2024-11-06T12:40:30.096Z [INFO] Fetching firewall rules for gateway: com-a-dpdhl-poc-01-gw02
2024-11-06T12:40:30.898Z [INFO] Fetching firewall rules for gateway: com-a-dps-os-01-gw-01
2024-11-06T12:40:31.650Z [INFO] Fetching firewall rules for gateway: com-a-dt-dorma-01-gw-01
2024-11-06T12:40:32.507Z [INFO] Fetching firewall rules for gateway: com-a-dt-dorma-01-gw-02
2024-11-06T12:40:33.418Z [INFO] Fetching firewall rules for gateway: com-a-heineken-hh3-mig-01-gw-01
2024-11-06T12:41:11.839Z [INFO] Fetching firewall rules for 123 gateways
2024-11-06T12:41:11.842Z [INFO] Fetching firewall rules for gateway: bas-a-dpdhl-02-gw-01
2024-11-06T12:58:12.394Z [INFO] Fetching firewall rules for 123 gateways
2024-11-06T12:58:12.395Z [INFO] Skipping gateway bas-a-dpdhl-02-gw-01 as it is of type "NSXT_BACKED"
2024-11-06T12:58:12.396Z [INFO] Skipping gateway bas-a-dpdhl-02-gw-02 as it is of type "NSXT_BACKED"
2024-11-06T12:58:12.396Z [INFO] Skipping gateway bas-a-dpdhl-02-gw-03 as it is of type "NSXT_BACKED"
2024-11-06T12:58:12.396Z [INFO] Fetching firewall rules for gateway: bas-a-t00_1000033029-01-gw01
2024-11-06T12:58:12.639Z [ERROR] Error fetching firewall rules for gateway bas-a-t00_1000033029-01-gw01: Request failed with status code 401
2024-11-06T12:58:12.640Z [INFO] Fetching firewall rules for gateway: bas-a-testcustomer-01-gw-01
2024-11-06T12:58:12.820Z [ERROR] Error fetching firewall rules for gateway bas-a-testcustomer-01-gw-01: Request failed with status code 401
2024-11-06T12:58:12.821Z [INFO] Skipping gateway bas-b-dpdhl-dr-03-gw-01 as it is of type "NSXT_BACKED"
2024-11-06T12:58:12.822Z [INFO] Fetching firewall rules for gateway: bas-b-testorg-01-gw-01
2024-11-06T12:58:13.059Z [ERROR] Error fetching firewall rules for gateway bas-b-testorg-01-gw-01: Request failed with status code 401
2024-11-06T12:58:13.059Z [INFO] Fetching firewall rules for gateway: com-a-bri_1000041101-01-gw01
2024-11-06T12:58:13.241Z [ERROR] Error fetching firewall rules for gateway com-a-bri_1000041101-01-gw01: Request failed with status code 401
2024-11-06T12:58:13.242Z [INFO] Skipping gateway com-a-dpdhl-02-gw01 as it is of type "NSXT_BACKED"
2024-11-06T12:58:13.242Z [INFO] Skipping gateway com-a-dpdhl-poc-01-gw02 as it is of type "NSXT_BACKED"
2024-11-06T12:58:13.242Z [INFO] Fetching firewall rules for gateway: com-a-dps-os-01-gw-01
2024-11-06T12:58:13.470Z [ERROR] Error fetching firewall rules for gateway com-a-dps-os-01-gw-01: Request failed with status code 401
2024-11-06T12:58:13.471Z [INFO] Fetching firewall rules for gateway: com-a-dt-dorma-01-gw-01
2024-11-06T12:58:13.662Z [ERROR] Error fetching firewall rules for gateway com-a-dt-dorma-01-gw-01: Request failed with status code 401
2024-11-06T12:58:13.663Z [INFO] Fetching firewall rules for gateway: com-a-dt-dorma-01-gw-02
2024-11-06T12:58:13.850Z [ERROR] Error fetching firewall rules for gateway com-a-dt-dorma-01-gw-02: Request failed with status code 401
2024-11-06T12:58:13.851Z [INFO] Fetching firewall rules for gateway: com-a-heineken-hh3-mig-01-gw-01
2024-11-06T12:59:01.494Z [INFO] Fetching firewall rules for 123 gateways
2024-11-06T12:59:01.497Z [INFO] Skipping gateway bas-a-dpdhl-02-gw-01 as it is of type "NSXV_BACKED"
2024-11-06T12:59:01.497Z [INFO] Skipping gateway bas-a-dpdhl-02-gw-02 as it is of type "NSXV_BACKED"
2024-11-06T12:59:01.498Z [INFO] Skipping gateway bas-a-dpdhl-02-gw-03 as it is of type "NSXV_BACKED"
2024-11-06T12:59:01.498Z [INFO] Fetching firewall rules for gateway: bas-a-t00_1000033029-01-gw01
2024-11-06T12:59:02.545Z [INFO] Fetching firewall rules for gateway: bas-a-testcustomer-01-gw-01
2024-11-06T12:59:03.350Z [INFO] Skipping gateway bas-b-dpdhl-dr-03-gw-01 as it is of type "NSXV_BACKED"
2024-11-06T12:59:03.350Z [INFO] Fetching firewall rules for gateway: bas-b-testorg-01-gw-01
2024-11-06T12:59:04.270Z [INFO] Fetching firewall rules for gateway: com-a-bri_1000041101-01-gw01
2024-11-06T12:59:05.064Z [INFO] Skipping gateway com-a-dpdhl-02-gw01 as it is of type "NSXV_BACKED"
2024-11-06T12:59:05.065Z [INFO] Skipping gateway com-a-dpdhl-poc-01-gw02 as it is of type "NSXV_BACKED"
2024-11-06T12:59:05.065Z [INFO] Fetching firewall rules for gateway: com-a-dps-os-01-gw-01
2024-11-06T12:59:05.949Z [INFO] Fetching firewall rules for gateway: com-a-dt-dorma-01-gw-01
2024-11-06T12:59:06.735Z [INFO] Fetching firewall rules for gateway: com-a-dt-dorma-01-gw-02
2024-11-06T12:59:07.506Z [INFO] Fetching firewall rules for gateway: com-a-heineken-hh3-mig-01-gw-01
2024-11-06T12:59:08.377Z [INFO] Fetching firewall rules for gateway: com-a-ips_1000035712-01-gw02
2024-11-06T12:59:09.147Z [INFO] Fetching firewall rules for gateway: com-a-ips_1000035712-01-gw05
2024-11-06T12:59:09.915Z [INFO] Fetching firewall rules for gateway: com-a-sol_1000034386-01-gw02
2024-11-06T12:59:10.689Z [INFO] Fetching firewall rules for gateway: com-a-sol_1000034386-01-gw03
2024-11-06T12:59:11.453Z [INFO] Skipping gateway com-a-t00_1000026462-01-gw01 as it is of type "NSXV_BACKED"
2024-11-06T12:59:11.454Z [INFO] Skipping gateway com-a-t00_1000026462-01-gw02 as it is of type "NSXV_BACKED"
2024-11-06T12:59:11.454Z [INFO] Skipping gateway com-a-t00_1000026462-01-gw03 as it is of type "NSXV_BACKED"
2024-11-06T12:59:11.454Z [INFO] Skipping gateway com-a-t00_1000026462-02-gw01 as it is of type "NSXV_BACKED"
2024-11-06T12:59:11.454Z [INFO] Skipping gateway com-a-t29_1000020859-01-gw01 as it is of type "NSXV_BACKED"
2024-11-06T12:59:11.454Z [INFO] Skipping gateway com-a-t29_1000020859-01-gw02 as it is of type "NSXV_BACKED"
2024-11-06T12:59:11.454Z [INFO] Skipping gateway com-a-t29_1000020859-01-gw04 as it is of type "NSXV_BACKED"
2024-11-06T12:59:11.455Z [INFO] Skipping gateway com-a-t29_1000020859-01-gw05 as it is of type "NSXV_BACKED"
2024-11-06T12:59:11.455Z [INFO] Skipping gateway com-a-t29_1000020859-01-gw06 as it is of type "NSXV_BACKED"
2024-11-06T12:59:11.455Z [INFO] Skipping gateway com-a-t29_1000020859-01-gw07 as it is of type "NSXV_BACKED"
2024-11-06T12:59:11.455Z [INFO] Skipping gateway com-a-t29_1000020859-01-gw08 as it is of type "NSXV_BACKED"
2024-11-06T12:59:11.455Z [INFO] Fetching firewall rules for gateway: com-a-t29_1000020859-01-gw11-v2t
2024-11-06T12:59:12.386Z [INFO] Fetching firewall rules for gateway: com-a-t29_1000020859-01-gw12-v2t
2024-11-06T12:59:13.186Z [INFO] Fetching firewall rules for gateway: com-a-t29_1000020859-01-gw13-v2t
2024-11-06T12:59:13.885Z [INFO] Fetching firewall rules for gateway: com-a-t29_1000020859-01-gw14-v2t
2024-11-06T12:59:14.617Z [INFO] Skipping gateway com-a-t29_1000020859-02-gw01 as it is of type "NSXV_BACKED"
2024-11-06T12:59:14.618Z [INFO] Fetching firewall rules for gateway: com-a-t29_1000020859-02-gw01-v2t
2024-11-06T12:59:15.370Z [INFO] Skipping gateway com-a-t29_1000020859-03-gw01 as it is of type "NSXV_BACKED"
2024-11-06T12:59:15.370Z [INFO] Fetching firewall rules for gateway: com-a-tch_1000042332-01-gw02
2024-11-06T12:59:16.201Z [INFO] Fetching firewall rules for gateway: com-a-tch_1000042332-01-gw03
2024-11-06T12:59:16.970Z [INFO] Fetching firewall rules for gateway: com-a-tch_1000042332-01-gw04
2024-11-06T12:59:17.679Z [INFO] Fetching firewall rules for gateway: com-a-tch_1000042332-01-gw05
2024-11-06T12:59:18.451Z [INFO] Fetching firewall rules for gateway: com-a-tch_1000042332-01-gw06
2024-11-06T12:59:19.151Z [INFO] Fetching firewall rules for gateway: com-a-tch_1000042332-02-gw02
2024-11-06T12:59:19.916Z [INFO] Fetching firewall rules for gateway: com-a-tch_1000042332-02-gw03
2024-11-06T12:59:20.648Z [INFO] Fetching firewall rules for gateway: com-a-tch_1000042332-02-gw04
2024-11-06T12:59:21.435Z [INFO] Fetching firewall rules for gateway: com-a-tch_1000042332-02-gw05
2024-11-06T12:59:22.267Z [INFO] Fetching firewall rules for gateway: com-a-tch_1000042332-02-gw06
2024-11-06T12:59:23.003Z [INFO] Fetching firewall rules for gateway: com-a-tch_1000042338-01-gw02
2024-11-06T12:59:23.712Z [INFO] Fetching firewall rules for gateway: com-a-tch_1000042338-02-gw02
2024-11-06T12:59:24.443Z [INFO] Fetching firewall rules for gateway: com-a-tcs_1000042743-01-gw01
2024-11-06T12:59:25.210Z [INFO] Fetching firewall rules for gateway: com-a-tcs_1000042743-01-gw02
2024-11-06T12:59:26.010Z [INFO] Fetching firewall rules for gateway: com-a-tdc_1000041086-01-gw01
2024-11-06T12:59:26.778Z [INFO] Fetching firewall rules for gateway: com-a-tdc_1000041086-01-gw02
2024-11-06T12:59:27.543Z [INFO] Fetching firewall rules for gateway: com-a-tdc_1000041086-01-gw03
2024-11-06T12:59:28.273Z [INFO] Fetching firewall rules for gateway: com-a-tdc_1000041086-01-gw04
2024-11-06T12:59:28.996Z [INFO] Fetching firewall rules for gateway: com-a-tdc_1000041086-01-gw05
2024-11-06T12:59:29.749Z [INFO] Fetching firewall rules for gateway: com-a-tdc_1000041086-01-gw06
2024-11-06T12:59:30.560Z [INFO] Fetching firewall rules for gateway: com-a-tea_1000031003-01-gw01
2024-11-06T12:59:31.297Z [INFO] Fetching firewall rules for gateway: com-a-tea_1000031003-01-gw02
2024-11-06T12:59:32.083Z [INFO] Fetching firewall rules for gateway: com-a-tea_1000031003-01-gw03
2024-11-06T12:59:32.935Z [INFO] Fetching firewall rules for gateway: com-a-testcustomer-02-gw-01
2024-11-06T12:59:33.739Z [INFO] Fetching firewall rules for gateway: com-a-testorg-02-gw-01
2024-11-06T12:59:34.571Z [INFO] Skipping gateway com-a-tlv_1000010959-01-gw01 as it is of type "NSXV_BACKED"
2024-11-06T12:59:34.571Z [INFO] Skipping gateway com-a-tlv_1000010959-01-gw02 as it is of type "NSXV_BACKED"
2024-11-06T12:59:34.571Z [INFO] Skipping gateway com-a-tlv_1000010959-02-gw01 as it is of type "NSXV_BACKED"
2024-11-06T12:59:34.572Z [INFO] Skipping gateway com-a-tlv_1000010959-02-gw02 as it is of type "NSXV_BACKED"
2024-11-06T12:59:34.572Z [INFO] Fetching firewall rules for gateway: com-a-tnd_1000026409-01-gw01
2024-11-06T12:59:35.305Z [INFO] Fetching firewall rules for gateway: com-a-tsf_1000037204-01-gw01
2024-11-06T12:59:36.162Z [INFO] Fetching firewall rules for gateway: com-a-tsi-ga-dtag-prod-01-gw-01
2024-11-06T12:59:36.883Z [INFO] Fetching firewall rules for gateway: com-a-tsi-ga-dtag-prod-01-gw-02
2024-11-06T12:59:37.640Z [INFO] Fetching firewall rules for gateway: com-a-tsr_1000035340-01-gw01
2024-11-06T12:59:38.381Z [INFO] Fetching firewall rules for gateway: com-a-tsr_1000035340-01-gw02
2024-11-06T12:59:39.127Z [INFO] Fetching firewall rules for gateway: com-a-tsr_1000035400-01-gw01
2024-11-06T12:59:39.933Z [INFO] Fetching firewall rules for gateway: com-a-tsr_1000042730-01-gw01
2024-11-06T12:59:40.673Z [INFO] Fetching firewall rules for gateway: com-a-tsr_1000042730-01-gw02
2024-11-06T12:59:41.449Z [INFO] Fetching firewall rules for gateway: com-a-tsr_1000042730-01-gw03
2024-11-06T12:59:42.343Z [INFO] Fetching firewall rules for gateway: com-a-tsr_1000042730-01-gw04
2024-11-06T12:59:43.101Z [INFO] Fetching firewall rules for gateway: com-a-tsr_1000042730-01-gw05
2024-11-06T12:59:43.830Z [INFO] Fetching firewall rules for gateway: com-a-tsr_1000042730-02-gw01
2024-11-06T12:59:44.604Z [INFO] Fetching firewall rules for gateway: com-a-tsr_1000042730-02-gw02
2024-11-06T12:59:45.342Z [INFO] Fetching firewall rules for gateway: com-a-tsr_1000042730-02-gw03
2024-11-06T12:59:46.115Z [INFO] Fetching firewall rules for gateway: com-a-tsr_1000042730-02-gw04
2024-11-06T12:59:46.837Z [INFO] Fetching firewall rules for gateway: com-a-tsr_1000042730-02-gw05
2024-11-06T12:59:47.527Z [INFO] Fetching firewall rules for gateway: com-a-tsr_1000042730-02-gw06
2024-11-06T12:59:48.265Z [INFO] Fetching firewall rules for gateway: com-a-tsr_1000042730-02-gw07
2024-11-06T12:59:48.968Z [INFO] Fetching firewall rules for gateway: com-a-tsr_1000042730-02-gw08
2024-11-06T12:59:49.714Z [INFO] Fetching firewall rules for gateway: com-a-tsr_1000042730-02-gw09
2024-11-06T12:59:50.502Z [INFO] Fetching firewall rules for gateway: com-a-tsr_1000078106-01-gw01
2024-11-06T12:59:51.246Z [INFO] Fetching firewall rules for gateway: com-a-zbr_1000033594-01-gw01
2024-11-06T12:59:51.989Z [INFO] Fetching firewall rules for gateway: com-a-zbr_1000033594-01-gw02
2024-11-06T12:59:52.757Z [INFO] Fetching firewall rules for gateway: com-a-zbr_1000033594-01-gw03
2024-11-06T12:59:53.530Z [INFO] Fetching firewall rules for gateway: com-a-zbr_1000033594-01-gw04
2024-11-06T12:59:54.279Z [INFO] Fetching firewall rules for gateway: com-a-zbr_1000033594-01-gw05
2024-11-06T12:59:54.985Z [INFO] Fetching firewall rules for gateway: com-a-zbr_1000033594-01-gw06
2024-11-06T12:59:55.727Z [INFO] Skipping gateway com-b-dpdhl-02-gw01 as it is of type "NSXV_BACKED"
2024-11-06T12:59:55.727Z [INFO] Fetching firewall rules for gateway: com-b-ips_1000035712-01-gw02
2024-11-06T12:59:56.611Z [INFO] Skipping gateway com-b-t29_1000020859-01-gw01 as it is of type "NSXV_BACKED"
2024-11-06T12:59:56.612Z [INFO] Skipping gateway com-b-t29_1000020859-01-gw02 as it is of type "NSXV_BACKED"
2024-11-06T12:59:56.612Z [INFO] Skipping gateway com-b-t29_1000020859-01-gw03 as it is of type "NSXV_BACKED"
2024-11-06T12:59:56.613Z [INFO] Fetching firewall rules for gateway: com-b-t29_1000020859-01-gw04-v2t
2024-11-06T13:00:35.341Z [INFO] Fetching firewall rules for 123 gateways
2024-11-06T13:00:35.343Z [INFO] Creating request for gateway: bas-a-t00_1000033029-01-gw01
2024-11-06T13:00:35.396Z [INFO] Creating request for gateway: bas-a-testcustomer-01-gw-01
2024-11-06T13:00:35.399Z [INFO] Creating request for gateway: bas-b-testorg-01-gw-01
2024-11-06T13:00:35.401Z [INFO] Creating request for gateway: com-a-bri_1000041101-01-gw01
2024-11-06T13:00:35.403Z [INFO] Creating request for gateway: com-a-dps-os-01-gw-01
2024-11-06T13:00:35.405Z [INFO] Creating request for gateway: com-a-dt-dorma-01-gw-01
2024-11-06T13:00:35.406Z [INFO] Creating request for gateway: com-a-dt-dorma-01-gw-02
2024-11-06T13:00:35.407Z [INFO] Creating request for gateway: com-a-heineken-hh3-mig-01-gw-01
2024-11-06T13:00:35.409Z [INFO] Creating request for gateway: com-a-ips_1000035712-01-gw02
2024-11-06T13:00:35.410Z [INFO] Creating request for gateway: com-a-ips_1000035712-01-gw05
2024-11-06T13:00:35.412Z [INFO] Creating request for gateway: com-a-sol_1000034386-01-gw02
2024-11-06T13:00:35.413Z [INFO] Creating request for gateway: com-a-sol_1000034386-01-gw03
2024-11-06T13:00:35.415Z [INFO] Creating request for gateway: com-a-t29_1000020859-01-gw11-v2t
2024-11-06T13:00:35.416Z [INFO] Creating request for gateway: com-a-t29_1000020859-01-gw12-v2t
2024-11-06T13:00:35.417Z [INFO] Creating request for gateway: com-a-t29_1000020859-01-gw13-v2t
2024-11-06T13:00:35.420Z [INFO] Creating request for gateway: com-a-t29_1000020859-01-gw14-v2t
2024-11-06T13:00:35.422Z [INFO] Creating request for gateway: com-a-t29_1000020859-02-gw01-v2t
2024-11-06T13:00:35.423Z [INFO] Creating request for gateway: com-a-tch_1000042332-01-gw02
2024-11-06T13:00:35.424Z [INFO] Creating request for gateway: com-a-tch_1000042332-01-gw03
2024-11-06T13:00:35.425Z [INFO] Creating request for gateway: com-a-tch_1000042332-01-gw04
2024-11-06T13:00:35.426Z [INFO] Creating request for gateway: com-a-tch_1000042332-01-gw05
2024-11-06T13:00:35.428Z [INFO] Creating request for gateway: com-a-tch_1000042332-01-gw06
2024-11-06T13:00:35.428Z [INFO] Creating request for gateway: com-a-tch_1000042332-02-gw02
2024-11-06T13:00:35.429Z [INFO] Creating request for gateway: com-a-tch_1000042332-02-gw03
2024-11-06T13:00:35.430Z [INFO] Creating request for gateway: com-a-tch_1000042332-02-gw04
2024-11-06T13:00:35.431Z [INFO] Creating request for gateway: com-a-tch_1000042332-02-gw05
2024-11-06T13:00:35.432Z [INFO] Creating request for gateway: com-a-tch_1000042332-02-gw06
2024-11-06T13:00:35.433Z [INFO] Creating request for gateway: com-a-tch_1000042338-01-gw02
2024-11-06T13:00:35.434Z [INFO] Creating request for gateway: com-a-tch_1000042338-02-gw02
2024-11-06T13:00:35.435Z [INFO] Creating request for gateway: com-a-tcs_1000042743-01-gw01
2024-11-06T13:00:35.436Z [INFO] Creating request for gateway: com-a-tcs_1000042743-01-gw02
2024-11-06T13:00:35.437Z [INFO] Creating request for gateway: com-a-tdc_1000041086-01-gw01
2024-11-06T13:00:35.438Z [INFO] Creating request for gateway: com-a-tdc_1000041086-01-gw02
2024-11-06T13:00:35.439Z [INFO] Creating request for gateway: com-a-tdc_1000041086-01-gw03
2024-11-06T13:00:35.440Z [INFO] Creating request for gateway: com-a-tdc_1000041086-01-gw04
2024-11-06T13:00:35.441Z [INFO] Creating request for gateway: com-a-tdc_1000041086-01-gw05
2024-11-06T13:00:35.442Z [INFO] Creating request for gateway: com-a-tdc_1000041086-01-gw06
2024-11-06T13:00:35.443Z [INFO] Creating request for gateway: com-a-tea_1000031003-01-gw01
2024-11-06T13:00:35.444Z [INFO] Creating request for gateway: com-a-tea_1000031003-01-gw02
2024-11-06T13:00:35.445Z [INFO] Creating request for gateway: com-a-tea_1000031003-01-gw03
2024-11-06T13:00:35.446Z [INFO] Creating request for gateway: com-a-testcustomer-02-gw-01
2024-11-06T13:00:35.447Z [INFO] Creating request for gateway: com-a-testorg-02-gw-01
2024-11-06T13:00:35.447Z [INFO] Creating request for gateway: com-a-tnd_1000026409-01-gw01
2024-11-06T13:00:35.449Z [INFO] Creating request for gateway: com-a-tsf_1000037204-01-gw01
2024-11-06T13:00:35.450Z [INFO] Creating request for gateway: com-a-tsi-ga-dtag-prod-01-gw-01
2024-11-06T13:00:35.450Z [INFO] Creating request for gateway: com-a-tsi-ga-dtag-prod-01-gw-02
2024-11-06T13:00:35.452Z [INFO] Creating request for gateway: com-a-tsr_1000035340-01-gw01
2024-11-06T13:00:35.453Z [INFO] Creating request for gateway: com-a-tsr_1000035340-01-gw02
2024-11-06T13:00:35.454Z [INFO] Creating request for gateway: com-a-tsr_1000035400-01-gw01
2024-11-06T13:00:35.455Z [INFO] Creating request for gateway: com-a-tsr_1000042730-01-gw01
2024-11-06T13:00:35.456Z [INFO] Creating request for gateway: com-a-tsr_1000042730-01-gw02
2024-11-06T13:00:35.457Z [INFO] Creating request for gateway: com-a-tsr_1000042730-01-gw03
2024-11-06T13:00:35.458Z [INFO] Creating request for gateway: com-a-tsr_1000042730-01-gw04
2024-11-06T13:00:35.459Z [INFO] Creating request for gateway: com-a-tsr_1000042730-01-gw05
2024-11-06T13:00:35.460Z [INFO] Creating request for gateway: com-a-tsr_1000042730-02-gw01
2024-11-06T13:00:35.461Z [INFO] Creating request for gateway: com-a-tsr_1000042730-02-gw02
2024-11-06T13:00:35.461Z [INFO] Creating request for gateway: com-a-tsr_1000042730-02-gw03
2024-11-06T13:00:35.462Z [INFO] Creating request for gateway: com-a-tsr_1000042730-02-gw04
2024-11-06T13:00:35.463Z [INFO] Creating request for gateway: com-a-tsr_1000042730-02-gw05
2024-11-06T13:00:35.464Z [INFO] Creating request for gateway: com-a-tsr_1000042730-02-gw06
2024-11-06T13:00:35.465Z [INFO] Creating request for gateway: com-a-tsr_1000042730-02-gw07
2024-11-06T13:00:35.465Z [INFO] Creating request for gateway: com-a-tsr_1000042730-02-gw08
2024-11-06T13:00:35.466Z [INFO] Creating request for gateway: com-a-tsr_1000042730-02-gw09
2024-11-06T13:00:35.467Z [INFO] Creating request for gateway: com-a-tsr_1000078106-01-gw01
2024-11-06T13:00:35.468Z [INFO] Creating request for gateway: com-a-zbr_1000033594-01-gw01
2024-11-06T13:00:35.469Z [INFO] Creating request for gateway: com-a-zbr_1000033594-01-gw02
2024-11-06T13:00:35.471Z [INFO] Creating request for gateway: com-a-zbr_1000033594-01-gw03
2024-11-06T13:00:35.472Z [INFO] Creating request for gateway: com-a-zbr_1000033594-01-gw04
2024-11-06T13:00:35.473Z [INFO] Creating request for gateway: com-a-zbr_1000033594-01-gw05
2024-11-06T13:00:35.474Z [INFO] Creating request for gateway: com-a-zbr_1000033594-01-gw06
2024-11-06T13:00:35.474Z [INFO] Creating request for gateway: com-b-ips_1000035712-01-gw02
2024-11-06T13:00:35.475Z [INFO] Creating request for gateway: com-b-t29_1000020859-01-gw04-v2t
2024-11-06T13:00:35.476Z [INFO] Creating request for gateway: com-b-t29_1000020859-01-gw06-v2t
2024-11-06T13:00:35.477Z [INFO] Creating request for gateway: com-b-t29_1000020859-01-gw07-v2t
2024-11-06T13:00:35.478Z [INFO] Creating request for gateway: com-b-tcs_1000042743-01-gw01
2024-11-06T13:00:35.478Z [INFO] Creating request for gateway: com-b-tsf_1000037204-01-gw01
2024-11-06T13:00:35.479Z [INFO] Creating request for gateway: com-b-tsr_1000035400-03-gw01
2024-11-06T13:00:35.480Z [INFO] Creating request for gateway: com-b-tsr_1000042730-01-gw01
2024-11-06T13:00:35.481Z [INFO] Creating request for gateway: com-b-zbr_1000033594-01-gw01
2024-11-06T13:00:35.481Z [INFO] Creating request for gateway: dc-b-splitup-edge-test
2024-11-06T13:00:35.482Z [INFO] Creating request for gateway: ffm-splitup-test
2024-11-06T13:00:35.483Z [INFO] Creating request for gateway: mdolnik-assignment
2024-11-06T13:00:35.484Z [INFO] Creating request for gateway: mgmt_a_internet
2024-11-06T13:00:35.485Z [INFO] Creating request for gateway: mgmt_b_internet
2024-11-06T13:00:35.486Z [INFO] Creating request for gateway: session_count
2024-11-06T13:00:35.487Z [INFO] Creating request for gateway: sr-test-2
2024-11-06T13:00:35.488Z [INFO] Creating request for gateway: test
2024-11-06T13:00:35.489Z [INFO] Creating request for gateway: test-4
2024-11-06T13:00:35.489Z [INFO] Creating request for gateway: test-edge
2024-11-06T13:00:41.719Z [INFO] Fetched and saved firewall rules for all gateways successfully.
2024-11-06T13:14:10.564Z [INFO] Fetching firewall rules for 123 gateways
2024-11-06T13:14:10.567Z [INFO] Creating request for gateway: bas-a-t00_1000033029-01-gw01
2024-11-06T13:14:10.675Z [INFO] Creating request for gateway: bas-a-testcustomer-01-gw-01
2024-11-06T13:14:10.679Z [INFO] Creating request for gateway: bas-b-testorg-01-gw-01
2024-11-06T13:14:10.682Z [INFO] Creating request for gateway: com-a-bri_1000041101-01-gw01
2024-11-06T13:14:10.685Z [INFO] Creating request for gateway: com-a-dps-os-01-gw-01
2024-11-06T13:14:10.689Z [INFO] Creating request for gateway: com-a-dt-dorma-01-gw-01
2024-11-06T13:14:10.692Z [INFO] Creating request for gateway: com-a-dt-dorma-01-gw-02
2024-11-06T13:14:10.695Z [INFO] Creating request for gateway: com-a-heineken-hh3-mig-01-gw-01
2024-11-06T13:14:10.698Z [INFO] Creating request for gateway: com-a-ips_1000035712-01-gw02
2024-11-06T13:14:10.703Z [INFO] Creating request for gateway: com-a-ips_1000035712-01-gw05
2024-11-06T13:14:10.706Z [INFO] Creating request for gateway: com-a-sol_1000034386-01-gw02
2024-11-06T13:14:10.709Z [INFO] Creating request for gateway: com-a-sol_1000034386-01-gw03
2024-11-06T13:14:10.711Z [INFO] Creating request for gateway: com-a-t29_1000020859-01-gw11-v2t
2024-11-06T13:14:10.714Z [INFO] Creating request for gateway: com-a-t29_1000020859-01-gw12-v2t
2024-11-06T13:14:10.719Z [INFO] Creating request for gateway: com-a-t29_1000020859-01-gw13-v2t
2024-11-06T13:14:10.724Z [INFO] Creating request for gateway: com-a-t29_1000020859-01-gw14-v2t
2024-11-06T13:14:10.727Z [INFO] Creating request for gateway: com-a-t29_1000020859-02-gw01-v2t
2024-11-06T13:14:10.729Z [INFO] Creating request for gateway: com-a-tch_1000042332-01-gw02
2024-11-06T13:14:10.732Z [INFO] Creating request for gateway: com-a-tch_1000042332-01-gw03
2024-11-06T13:14:10.735Z [INFO] Creating request for gateway: com-a-tch_1000042332-01-gw04
2024-11-06T13:14:10.737Z [INFO] Creating request for gateway: com-a-tch_1000042332-01-gw05
2024-11-06T13:14:10.739Z [INFO] Creating request for gateway: com-a-tch_1000042332-01-gw06
2024-11-06T13:14:10.741Z [INFO] Creating request for gateway: com-a-tch_1000042332-02-gw02
2024-11-06T13:14:10.743Z [INFO] Creating request for gateway: com-a-tch_1000042332-02-gw03
2024-11-06T13:14:10.744Z [INFO] Creating request for gateway: com-a-tch_1000042332-02-gw04
2024-11-06T13:14:10.746Z [INFO] Creating request for gateway: com-a-tch_1000042332-02-gw05
2024-11-06T13:14:10.748Z [INFO] Creating request for gateway: com-a-tch_1000042332-02-gw06
2024-11-06T13:14:10.751Z [INFO] Creating request for gateway: com-a-tch_1000042338-01-gw02
2024-11-06T13:14:10.752Z [INFO] Creating request for gateway: com-a-tch_1000042338-02-gw02
2024-11-06T13:14:10.754Z [INFO] Creating request for gateway: com-a-tcs_1000042743-01-gw01
2024-11-06T13:14:10.756Z [INFO] Creating request for gateway: com-a-tcs_1000042743-01-gw02
2024-11-06T13:14:10.758Z [INFO] Creating request for gateway: com-a-tdc_1000041086-01-gw01
2024-11-06T13:14:10.759Z [INFO] Creating request for gateway: com-a-tdc_1000041086-01-gw02
2024-11-06T13:14:10.761Z [INFO] Creating request for gateway: com-a-tdc_1000041086-01-gw03
2024-11-06T13:14:10.762Z [INFO] Creating request for gateway: com-a-tdc_1000041086-01-gw04
2024-11-06T13:14:10.763Z [INFO] Creating request for gateway: com-a-tdc_1000041086-01-gw05
2024-11-06T13:14:10.765Z [INFO] Creating request for gateway: com-a-tdc_1000041086-01-gw06
2024-11-06T13:14:10.768Z [INFO] Creating request for gateway: com-a-tea_1000031003-01-gw01
2024-11-06T13:14:10.771Z [INFO] Creating request for gateway: com-a-tea_1000031003-01-gw02
2024-11-06T13:14:10.772Z [INFO] Creating request for gateway: com-a-tea_1000031003-01-gw03
2024-11-06T13:14:10.773Z [INFO] Creating request for gateway: com-a-testcustomer-02-gw-01
2024-11-06T13:14:10.774Z [INFO] Creating request for gateway: com-a-testorg-02-gw-01
2024-11-06T13:14:10.775Z [INFO] Creating request for gateway: com-a-tnd_1000026409-01-gw01
2024-11-06T13:14:10.777Z [INFO] Creating request for gateway: com-a-tsf_1000037204-01-gw01
2024-11-06T13:14:10.778Z [INFO] Creating request for gateway: com-a-tsi-ga-dtag-prod-01-gw-01
2024-11-06T13:14:10.779Z [INFO] Creating request for gateway: com-a-tsi-ga-dtag-prod-01-gw-02
2024-11-06T13:14:10.780Z [INFO] Creating request for gateway: com-a-tsr_1000035340-01-gw01
2024-11-06T13:14:10.782Z [INFO] Creating request for gateway: com-a-tsr_1000035340-01-gw02
2024-11-06T13:14:10.784Z [INFO] Creating request for gateway: com-a-tsr_1000035400-01-gw01
2024-11-06T13:14:10.786Z [INFO] Creating request for gateway: com-a-tsr_1000042730-01-gw01
2024-11-06T13:14:10.787Z [INFO] Creating request for gateway: com-a-tsr_1000042730-01-gw02
2024-11-06T13:14:10.789Z [INFO] Creating request for gateway: com-a-tsr_1000042730-01-gw03
2024-11-06T13:14:10.790Z [INFO] Creating request for gateway: com-a-tsr_1000042730-01-gw04
2024-11-06T13:14:10.791Z [INFO] Creating request for gateway: com-a-tsr_1000042730-01-gw05
2024-11-06T13:14:10.792Z [INFO] Creating request for gateway: com-a-tsr_1000042730-02-gw01
2024-11-06T13:14:10.793Z [INFO] Creating request for gateway: com-a-tsr_1000042730-02-gw02
2024-11-06T13:14:10.794Z [INFO] Creating request for gateway: com-a-tsr_1000042730-02-gw03
2024-11-06T13:14:10.796Z [INFO] Creating request for gateway: com-a-tsr_1000042730-02-gw04
2024-11-06T13:14:10.797Z [INFO] Creating request for gateway: com-a-tsr_1000042730-02-gw05
2024-11-06T13:14:10.798Z [INFO] Creating request for gateway: com-a-tsr_1000042730-02-gw06
2024-11-06T13:14:10.799Z [INFO] Creating request for gateway: com-a-tsr_1000042730-02-gw07
2024-11-06T13:14:10.801Z [INFO] Creating request for gateway: com-a-tsr_1000042730-02-gw08
2024-11-06T13:14:10.802Z [INFO] Creating request for gateway: com-a-tsr_1000042730-02-gw09
2024-11-06T13:14:10.803Z [INFO] Creating request for gateway: com-a-tsr_1000078106-01-gw01
2024-11-06T13:14:10.805Z [INFO] Creating request for gateway: com-a-zbr_1000033594-01-gw01
2024-11-06T13:14:10.806Z [INFO] Creating request for gateway: com-a-zbr_1000033594-01-gw02
2024-11-06T13:14:10.809Z [INFO] Creating request for gateway: com-a-zbr_1000033594-01-gw03
2024-11-06T13:14:10.811Z [INFO] Creating request for gateway: com-a-zbr_1000033594-01-gw04
2024-11-06T13:14:10.812Z [INFO] Creating request for gateway: com-a-zbr_1000033594-01-gw05
2024-11-06T13:14:10.813Z [INFO] Creating request for gateway: com-a-zbr_1000033594-01-gw06
2024-11-06T13:14:10.815Z [INFO] Creating request for gateway: com-b-ips_1000035712-01-gw02
2024-11-06T13:14:10.817Z [INFO] Creating request for gateway: com-b-t29_1000020859-01-gw04-v2t
2024-11-06T13:14:10.818Z [INFO] Creating request for gateway: com-b-t29_1000020859-01-gw06-v2t
2024-11-06T13:14:10.819Z [INFO] Creating request for gateway: com-b-t29_1000020859-01-gw07-v2t
2024-11-06T13:14:10.821Z [INFO] Creating request for gateway: com-b-tcs_1000042743-01-gw01
2024-11-06T13:14:10.823Z [INFO] Creating request for gateway: com-b-tsf_1000037204-01-gw01
2024-11-06T13:14:10.825Z [INFO] Creating request for gateway: com-b-tsr_1000035400-03-gw01
2024-11-06T13:14:10.827Z [INFO] Creating request for gateway: com-b-tsr_1000042730-01-gw01
2024-11-06T13:14:10.829Z [INFO] Creating request for gateway: com-b-zbr_1000033594-01-gw01
2024-11-06T13:14:10.830Z [INFO] Creating request for gateway: dc-b-splitup-edge-test
2024-11-06T13:14:10.833Z [INFO] Creating request for gateway: ffm-splitup-test
2024-11-06T13:14:10.834Z [INFO] Creating request for gateway: mdolnik-assignment
2024-11-06T13:14:10.835Z [INFO] Creating request for gateway: mgmt_a_internet
2024-11-06T13:14:10.837Z [INFO] Creating request for gateway: mgmt_b_internet
2024-11-06T13:14:10.838Z [INFO] Creating request for gateway: session_count
2024-11-06T13:14:10.839Z [INFO] Creating request for gateway: sr-test-2
2024-11-06T13:14:10.841Z [INFO] Creating request for gateway: test
2024-11-06T13:14:10.842Z [INFO] Creating request for gateway: test-4
2024-11-06T13:14:10.844Z [INFO] Creating request for gateway: test-edge
2024-11-06T13:14:16.118Z [INFO] Fetched and saved firewall rules for all gateways successfully.
